{"C:\\Users\\rabaral\\Documents\\sonar\\components\\Header.js": {"path":"C:\\Users\\rabaral\\Documents\\sonar\\components\\Header.js","statementMap":{"0":{"start":{"line":3,"column":18},"end":{"line":5,"column":1}},"1":{"start":{"line":8,"column":2},"end":{"line":17,"column":3}}},"fnMap":{"0":{"name":"Header","decl":{"start":{"line":7,"column":24},"end":{"line":7,"column":30}},"loc":{"start":{"line":7,"column":33},"end":{"line":18,"column":1}},"line":7}},"branchMap":{},"s":{"0":15,"1":45},"f":{"0":45},"b":{},"_coverageSchema":"43e27e138ebf9cfc5966b082cf9a028302ed4184","hash":"9ee6449f01561d97de4d33f0376b1aefaec1541f"}
,"C:\\Users\\rabaral\\Documents\\sonar\\components\\MyLayout.js": {"path":"C:\\Users\\rabaral\\Documents\\sonar\\components\\MyLayout.js","statementMap":{"0":{"start":{"line":3,"column":20},"end":{"line":7,"column":1}},"1":{"start":{"line":10,"column":2},"end":{"line":15,"column":3}}},"fnMap":{"0":{"name":"Layout","decl":{"start":{"line":9,"column":24},"end":{"line":9,"column":30}},"loc":{"start":{"line":9,"column":38},"end":{"line":16,"column":1}},"line":9}},"branchMap":{},"s":{"0":15,"1":45},"f":{"0":45},"b":{},"_coverageSchema":"43e27e138ebf9cfc5966b082cf9a028302ed4184","hash":"246bb5f7640fcd9f58eda77269767e9d4dfc38b8"}
,"C:\\Users\\rabaral\\Documents\\sonar\\pages\\about.js": {"path":"C:\\Users\\rabaral\\Documents\\sonar\\pages\\about.js","statementMap":{"0":{"start":{"line":4,"column":2},"end":{"line":8,"column":3}}},"fnMap":{"0":{"name":"About","decl":{"start":{"line":3,"column":24},"end":{"line":3,"column":29}},"loc":{"start":{"line":3,"column":32},"end":{"line":9,"column":1}},"line":3}},"branchMap":{},"s":{"0":2},"f":{"0":2},"b":{},"_coverageSchema":"43e27e138ebf9cfc5966b082cf9a028302ed4184","hash":"14901f13cb5c12e4bf3ab05fb57a2106c51192d8"}
,"C:\\Users\\rabaral\\Documents\\sonar\\pages\\index.js": {"path":"C:\\Users\\rabaral\\Documents\\sonar\\pages\\index.js","statementMap":{"0":{"start":{"line":5,"column":14},"end":{"line":18,"column":1}},"1":{"start":{"line":6,"column":2},"end":{"line":17,"column":11}},"2":{"start":{"line":10,"column":8},"end":{"line":14,"column":13}},"3":{"start":{"line":20,"column":0},"end":{"line":29,"column":2}},"4":{"start":{"line":21,"column":14},"end":{"line":21,"column":73}},"5":{"start":{"line":22,"column":15},"end":{"line":22,"column":31}},"6":{"start":{"line":24,"column":2},"end":{"line":24,"column":58}},"7":{"start":{"line":26,"column":2},"end":{"line":28,"column":4}},"8":{"start":{"line":27,"column":29},"end":{"line":27,"column":39}}},"fnMap":{"0":{"name":"(anonymous_0)","decl":{"start":{"line":5,"column":14},"end":{"line":5,"column":15}},"loc":{"start":{"line":6,"column":2},"end":{"line":17,"column":11}},"line":6},"1":{"name":"(anonymous_1)","decl":{"start":{"line":9,"column":23},"end":{"line":9,"column":24}},"loc":{"start":{"line":10,"column":8},"end":{"line":14,"column":13}},"line":10},"2":{"name":"(anonymous_2)","decl":{"start":{"line":20,"column":24},"end":{"line":20,"column":25}},"loc":{"start":{"line":20,"column":41},"end":{"line":29,"column":1}},"line":20},"3":{"name":"(anonymous_3)","decl":{"start":{"line":27,"column":20},"end":{"line":27,"column":21}},"loc":{"start":{"line":27,"column":29},"end":{"line":27,"column":39}},"line":27}},"branchMap":{},"s":{"0":15,"1":41,"2":410,"3":15,"4":33,"5":33,"6":33,"7":33,"8":330},"f":{"0":41,"1":410,"2":33,"3":330},"b":{},"_coverageSchema":"43e27e138ebf9cfc5966b082cf9a028302ed4184","hash":"d7bead460764bf28a9d49fec4953a8f46faf1f34"}
,"C:\\Users\\rabaral\\Documents\\sonar\\pages\\p\\[id].js": {"path":"C:\\Users\\rabaral\\Documents\\sonar\\pages\\p\\[id].js","statementMap":{"0":{"start":{"line":4,"column":13},"end":{"line":11,"column":1}},"1":{"start":{"line":5,"column":2},"end":{"line":10,"column":11}},"2":{"start":{"line":13,"column":0},"end":{"line":21,"column":2}},"3":{"start":{"line":14,"column":17},"end":{"line":14,"column":30}},"4":{"start":{"line":15,"column":14},"end":{"line":15,"column":63}},"5":{"start":{"line":16,"column":15},"end":{"line":16,"column":31}},"6":{"start":{"line":18,"column":2},"end":{"line":18,"column":44}},"7":{"start":{"line":20,"column":2},"end":{"line":20,"column":18}}},"fnMap":{"0":{"name":"(anonymous_0)","decl":{"start":{"line":4,"column":13},"end":{"line":4,"column":14}},"loc":{"start":{"line":5,"column":2},"end":{"line":10,"column":11}},"line":5},"1":{"name":"(anonymous_1)","decl":{"start":{"line":13,"column":23},"end":{"line":13,"column":24}},"loc":{"start":{"line":13,"column":47},"end":{"line":21,"column":1}},"line":13}},"branchMap":{"0":{"loc":{"start":{"line":8,"column":5},"end":{"line":8,"column":89}},"type":"binary-expr","locations":[{"start":{"line":8,"column":5},"end":{"line":8,"column":21}},{"start":{"line":8,"column":25},"end":{"line":8,"column":48}},{"start":{"line":8,"column":52},"end":{"line":8,"column":89}}],"line":8}},"s":{"0":2,"1":2,"2":2,"3":2,"4":2,"5":2,"6":2,"7":2},"f":{"0":2,"1":2},"b":{"0":[2,2,2]},"_coverageSchema":"43e27e138ebf9cfc5966b082cf9a028302ed4184","hash":"7b3e3ef1a30f5c0c3de00e1e1a415b9361d5c68e"}
}
