TN:
SF:components\Header.js
FN:7,Header
FNF:1
FNH:1
FNDA:45,Header
DA:3,15
DA:8,45
LF:2
LH:2
BRF:0
BRH:0
end_of_record
TN:
SF:components\MyLayout.js
FN:9,Layout
FNF:1
FNH:1
FNDA:45,Layout
DA:3,15
DA:10,45
LF:2
LH:2
BRF:0
BRH:0
end_of_record
TN:
SF:pages\about.js
FN:3,About
FNF:1
FNH:1
FNDA:2,About
DA:4,2
LF:1
LH:1
BRF:0
BRH:0
end_of_record
TN:
SF:pages\index.js
FN:5,(anonymous_0)
FN:9,(anonymous_1)
FN:20,(anonymous_2)
FN:27,(anonymous_3)
FNF:4
FNH:4
FNDA:41,(anonymous_0)
FNDA:410,(anonymous_1)
FNDA:33,(anonymous_2)
FNDA:330,(anonymous_3)
DA:5,15
DA:6,41
DA:10,410
DA:20,15
DA:21,33
DA:22,33
DA:24,33
DA:26,33
DA:27,330
LF:9
LH:9
BRF:0
BRH:0
end_of_record
TN:
SF:pages\p\[id].js
FN:4,(anonymous_0)
FN:13,(anonymous_1)
FNF:2
FNH:2
FNDA:2,(anonymous_0)
FNDA:2,(anonymous_1)
DA:4,2
DA:5,2
DA:13,2
DA:14,2
DA:15,2
DA:16,2
DA:18,2
DA:20,2
LF:8
LH:8
BRDA:8,0,0,2
BRDA:8,0,1,2
BRDA:8,0,2,2
BRF:3
BRH:3
end_of_record
